2015-06-01 19:35:53 DEBUG LoggerExample:19 - This is debug : mkyong
2015-06-01 19:35:53 INFO  LoggerExample:23 - This is info : mkyong
2015-06-01 19:35:53 WARN  LoggerExample:26 - This is warn : mkyong
2015-06-01 19:35:53 ERROR LoggerExample:27 - This is error : mkyong
2015-06-01 19:35:53 FATAL LoggerExample:28 - This is fatal : mkyong
2015-06-01 19:39:26 DEBUG LoggerExample:19 - This is debug : mkyong
2015-06-01 19:39:26 INFO  LoggerExample:23 - This is info : mkyong
2015-06-01 19:39:26 WARN  LoggerExample:26 - This is warn : mkyong
2015-06-01 19:39:26 ERROR LoggerExample:27 - This is error : mkyong
2015-06-01 19:39:26 FATAL LoggerExample:28 - This is fatal : mkyong
2015-06-01 19:41:18 DEBUG LoggerExample:19 - This is debug : mkyong
2015-06-01 19:41:18 INFO  LoggerExample:23 - This is info : mkyong
2015-06-01 19:41:18 WARN  LoggerExample:26 - This is warn : mkyong
2015-06-01 19:41:18 ERROR LoggerExample:27 - This is error : mkyong
2015-06-01 19:41:18 FATAL LoggerExample:28 - This is fatal : mkyong
2015-06-01 19:41:31 DEBUG LoggerExample:19 - This is debug : mkyong
2015-06-01 19:41:31 INFO  LoggerExample:23 - This is info : mkyong
2015-06-01 19:41:31 WARN  LoggerExample:26 - This is warn : mkyong
2015-06-01 19:41:31 ERROR LoggerExample:27 - This is error : mkyong
2015-06-01 19:41:31 FATAL LoggerExample:28 - This is fatal : mkyong
2015-06-01 19:44:37 DEBUG LoggerExample:19 - This is debug : mkyong
2015-06-01 19:44:37 INFO  LoggerExample:23 - This is info : mkyong
2015-06-01 19:44:37 WARN  LoggerExample:26 - This is warn : mkyong
2015-06-01 19:44:37 ERROR LoggerExample:27 - This is error : mkyong
2015-06-01 19:44:37 FATAL LoggerExample:28 - This is fatal : mkyong
2015-06-01 19:46:06 DEBUG LoggerExample:19 - This is debug : mkyong
2015-06-01 19:46:06 INFO  LoggerExample:23 - This is info : mkyong
2015-06-01 19:46:06 WARN  LoggerExample:26 - This is warn : mkyong
2015-06-01 19:46:06 ERROR LoggerExample:27 - This is error : mkyong
2015-06-01 19:46:06 FATAL LoggerExample:28 - This is fatal : mkyong
2015-06-01 19:46:29 DEBUG LoggerExample:19 - This is debug : mkyong
2015-06-01 19:46:29 INFO  LoggerExample:23 - This is info : mkyong
2015-06-01 19:46:29 WARN  LoggerExample:26 - This is warn : mkyong
2015-06-01 19:46:29 ERROR LoggerExample:27 - This is error : mkyong
2015-06-01 19:46:29 FATAL LoggerExample:28 - This is fatal : mkyong
